<?xml version="1.0" encoding="UTF-8"?>
<!-- Generated by org.testng.reporters.JUnitReportReporter -->
<testsuite skipped="0" hostname="HMECL003091" name="com.qa.tests.FreeCRMAccountPageTest" tests="3" failures="0" timestamp="28 May 2020 07:06:44 GMT" time="82.494" errors="0">
  <testcase name="login" time="33.809" classname="com.qa.tests.FreeCRMAccountPageTest"/>
  <testcase name="login" time="35.169" classname="com.qa.tests.FreeCRMAccountPageTest"/>
  <testcase name="login" time="13.516" classname="com.qa.tests.FreeCRMAccountPageTest"/>
</testsuite> <!-- com.qa.tests.FreeCRMAccountPageTest -->
