<?xml version="1.0" encoding="UTF-8"?>
<!-- Generated by org.testng.reporters.JUnitReportReporter -->
<testsuite skipped="1" hostname="HMECL003091" name="com.qa.tests.FreeCRMAccountPageTest" tests="1" failures="0" timestamp="08 Apr 2020 07:49:30 GMT" time="0.000" errors="0">
  <testcase name="login" time="0.000" classname="com.qa.tests.FreeCRMAccountPageTest">
    <skipped/>
  </testcase> <!-- login -->
</testsuite> <!-- com.qa.tests.FreeCRMAccountPageTest -->
