<?xml version="1.0" encoding="UTF-8"?>
<!-- Generated by org.testng.reporters.JUnitReportReporter -->
<testsuite skipped="0" hostname="HMECL003091" name="com.qa.pages.LoginPage" tests="1" failures="0" timestamp="05 Apr 2020 17:41:50 GMT" time="0.001" errors="0">
  <testcase name="compose" time="0.001" classname="com.qa.pages.LoginPage"/>
</testsuite> <!-- com.qa.pages.LoginPage -->
