<?xml version="1.0" encoding="UTF-8"?>
<!-- Generated by org.testng.reporters.JUnitReportReporter -->
<testsuite skipped="0" hostname="HMECL003091" name="com.qa.pages.HomePage" tests="4" failures="0" timestamp="31 Mar 2020 06:10:56 GMT" time="0.012" errors="0">
  <testcase name="apply" time="0.004" classname="com.qa.pages.HomePage"/>
  <testcase name="delete" time="0.002" classname="com.qa.pages.HomePage"/>
  <testcase name="abc" time="0.004" classname="com.qa.pages.HomePage"/>
  <testcase name="compose" time="0.002" classname="com.qa.pages.HomePage"/>
</testsuite> <!-- com.qa.pages.HomePage -->
