<?xml version="1.0" encoding="UTF-8"?>
<!-- Generated by org.testng.reporters.JUnitReportReporter -->
<testsuite skipped="0" hostname="HMECL003091" name="com.qa.tests.UglyContactUsPageTest" tests="1" failures="0" timestamp="02 Apr 2020 15:32:44 GMT" time="22.887" errors="0">
  <testcase name="submitForm" time="22.887" classname="com.qa.tests.UglyContactUsPageTest"/>
</testsuite> <!-- com.qa.tests.UglyContactUsPageTest -->
