<?xml version="1.0" encoding="UTF-8"?>
<!-- Generated by org.testng.reporters.JUnitReportReporter -->
<testsuite hostname="HMECL003091" name="com.qa.pages.HomePage" tests="4" failures="0" timestamp="30 Mar 2020 13:16:56 GMT" time="0.009" errors="0">
  <testcase name="abc" time="0.000" classname="com.qa.pages.HomePage"/>
  <testcase name="apply" time="0.006" classname="com.qa.pages.HomePage"/>
  <testcase name="delete" time="0.001" classname="com.qa.pages.HomePage"/>
  <testcase name="compose" time="0.002" classname="com.qa.pages.HomePage"/>
</testsuite> <!-- com.qa.pages.HomePage -->
