<?xml version="1.0" encoding="UTF-8"?>
<!-- Generated by org.testng.reporters.JUnitReportReporter -->
<testsuite hostname="HMECL003091" name="com.qa.pages.HomePage" tests="1" failures="0" timestamp="28 Mar 2020 12:43:49 GMT" time="0.006" errors="0">
  <testcase name="compose" time="0.006" classname="com.qa.pages.HomePage"/>
</testsuite> <!-- com.qa.pages.HomePage -->
