<?xml version="1.0" encoding="UTF-8"?>
<!-- Generated by org.testng.reporters.JUnitReportReporter -->
<testsuite hostname="HMECL003091" name="com.qa.tests.HomePageTest" tests="1" failures="0" timestamp="30 Mar 2020 16:30:33 GMT" time="0.001" errors="0">
  <testcase name="test" time="0.001" classname="com.qa.tests.HomePageTest"/>
</testsuite> <!-- com.qa.tests.HomePageTest -->
