<?xml version="1.0" encoding="UTF-8"?>
<!-- Generated by org.testng.reporters.JUnitReportReporter -->
<testsuite skipped="0" hostname="HMECL003091" name="com.qa.tests.UglyContactUsPageTest" tests="1" failures="0" timestamp="04 Apr 2020 05:24:30 GMT" time="116.594" errors="0">
  <testcase name="submitForm" time="116.594" classname="com.qa.tests.UglyContactUsPageTest"/>
</testsuite> <!-- com.qa.tests.UglyContactUsPageTest -->
