<?xml version="1.0" encoding="UTF-8"?>
<!-- Generated by org.testng.reporters.JUnitReportReporter -->
<testsuite skipped="0" hostname="HMECL003091" name="com.qa.tests.HomePageTest" tests="1" failures="0" timestamp="31 Mar 2020 12:23:01 GMT" time="0.001" errors="0">
  <testcase name="test" time="0.001" classname="com.qa.tests.HomePageTest"/>
</testsuite> <!-- com.qa.tests.HomePageTest -->
