<?xml version="1.0" encoding="UTF-8"?>
<!-- Generated by org.testng.reporters.JUnitReportReporter -->
<testsuite skipped="0" hostname="HMECL003091" name="com.qa.tests.UglyContactUsPageTest" tests="1" failures="0" timestamp="28 May 2020 07:06:44 GMT" time="99.662" errors="0">
  <testcase name="submitForm" time="99.662" classname="com.qa.tests.UglyContactUsPageTest"/>
</testsuite> <!-- com.qa.tests.UglyContactUsPageTest -->
