<?xml version="1.0" encoding="UTF-8"?>
<!-- Generated by org.testng.reporters.JUnitReportReporter -->
<testsuite skipped="0" hostname="HMECL003091" name="com.qa.utils.ReadExcelData" tests="1" failures="0" timestamp="01 Apr 2020 10:12:52 GMT" time="0.443" errors="0">
  <testcase name="readExcelSheet" time="0.443" classname="com.qa.utils.ReadExcelData"/>
</testsuite> <!-- com.qa.utils.ReadExcelData -->
