<?xml version="1.0" encoding="UTF-8"?>
<!-- Generated by org.testng.reporters.JUnitReportReporter -->
<testsuite skipped="0" hostname="HMECL003091" name="com.qa.tests.JBLMyAccountPageTest" tests="1" failures="0" timestamp="04 Apr 2020 05:54:59 GMT" time="73.551" errors="0">
  <testcase name="login" time="73.551" classname="com.qa.tests.JBLMyAccountPageTest"/>
</testsuite> <!-- com.qa.tests.JBLMyAccountPageTest -->
