<?xml version="1.0" encoding="UTF-8"?>
<!-- Generated by org.testng.reporters.JUnitReportReporter -->
<testsuite skipped="0" hostname="HMECL003091" name="com.qa.tests.JBLMyAccountPageTest" tests="1" failures="0" timestamp="03 Apr 2020 17:08:30 GMT" time="74.494" errors="0">
  <testcase name="login" time="74.494" classname="com.qa.tests.JBLMyAccountPageTest"/>
</testsuite> <!-- com.qa.tests.JBLMyAccountPageTest -->
