<?xml version="1.0" encoding="UTF-8"?>
<!-- Generated by org.testng.reporters.JUnitReportReporter -->
<testsuite skipped="0" hostname="HMECL003091" name="com.qa.tests.FreeCRMAccountPageTest" tests="3" failures="0" timestamp="21 Apr 2020 05:10:02 GMT" time="93.259" errors="0">
  <testcase name="login" time="18.160" classname="com.qa.tests.FreeCRMAccountPageTest"/>
  <testcase name="login" time="37.816" classname="com.qa.tests.FreeCRMAccountPageTest"/>
  <testcase name="login" time="37.283" classname="com.qa.tests.FreeCRMAccountPageTest"/>
</testsuite> <!-- com.qa.tests.FreeCRMAccountPageTest -->
