<?xml version="1.0" encoding="UTF-8"?>
<!-- Generated by org.testng.reporters.JUnitReportReporter -->
<testsuite skipped="0" hostname="HMECL003091" name="com.qa.tests.FreeCRMAccountPageTest" tests="3" failures="0" timestamp="08 Apr 2020 06:58:27 GMT" time="107.700" errors="0">
  <testcase name="login" time="22.882" classname="com.qa.tests.FreeCRMAccountPageTest"/>
  <testcase name="login" time="43.480" classname="com.qa.tests.FreeCRMAccountPageTest"/>
  <testcase name="login" time="41.338" classname="com.qa.tests.FreeCRMAccountPageTest"/>
</testsuite> <!-- com.qa.tests.FreeCRMAccountPageTest -->
