<?xml version="1.0" encoding="UTF-8"?>
<!-- Generated by org.testng.reporters.JUnitReportReporter -->
<testsuite skipped="0" hostname="HMECL003091" name="com.qa.pages.HomePage" tests="1" failures="0" timestamp="05 Apr 2020 17:41:50 GMT" time="0.011" errors="0">
  <testcase name="apply" time="0.011" classname="com.qa.pages.HomePage"/>
</testsuite> <!-- com.qa.pages.HomePage -->
