<?xml version="1.0" encoding="UTF-8"?>
<!-- Generated by org.testng.reporters.JUnitReportReporter -->
<testsuite hostname="HMECL003091" name="com.qa.pages.HomePage" tests="4" failures="0" timestamp="30 Mar 2020 16:30:33 GMT" time="0.007" errors="0">
  <testcase name="delete" time="0.001" classname="com.qa.pages.HomePage"/>
  <testcase name="compose" time="0.001" classname="com.qa.pages.HomePage"/>
  <testcase name="apply" time="0.004" classname="com.qa.pages.HomePage"/>
  <testcase name="abc" time="0.001" classname="com.qa.pages.HomePage"/>
</testsuite> <!-- com.qa.pages.HomePage -->
