<?xml version="1.0" encoding="UTF-8"?>
<!-- Generated by org.testng.reporters.JUnitReportReporter -->
<testsuite skipped="0" hostname="HMECL003091" name="com.qa.tests.FreeCRMAccountPageTest" tests="1" failures="0" timestamp="05 Apr 2020 17:41:50 GMT" time="71.052" errors="0">
  <testcase name="login" time="71.052" classname="com.qa.tests.FreeCRMAccountPageTest"/>
</testsuite> <!-- com.qa.tests.FreeCRMAccountPageTest -->
