<?xml version="1.0" encoding="UTF-8"?>
<!-- Generated by org.testng.reporters.JUnitReportReporter -->
<testsuite hostname="HMECL003091" name="com.qa.pages.HomePage" tests="1" failures="0" timestamp="29 Mar 2020 12:57:54 GMT" time="0.001" errors="0">
  <testcase name="compose" time="0.001" classname="com.qa.pages.HomePage"/>
</testsuite> <!-- com.qa.pages.HomePage -->
